<?xml version="1.0" encoding="UTF-8"?>
<!-- Generated by org.testng.reporters.JUnitReportReporter -->
<testsuite hostname="LAPTOP-GK02EC8N" failures="0" tests="1" name="Practice.Demo.AppTest" time="0.002" errors="0" timestamp="2024-03-29T00:22:29 IST" skipped="0">
  <testcase classname="Practice.Demo.AppTest" name="testApp" time="0.002"/>
</testsuite> <!-- Practice.Demo.AppTest -->
